<?xml version="1.0" encoding="UTF-8"?>
<testsuite xmlns:xsi="http://www.w3.org/2001/XMLSchema-instance" xsi:noNamespaceSchemaLocation="https://maven.apache.org/surefire/maven-surefire-plugin/xsd/surefire-test-report-3.0.xsd" version="3.0" name="com.krzysztofpk14.app.bossaapi.BossaApiIntegrationTest" time="21.603" tests="6" errors="3" skipped="0" failures="1">
  <properties>
    <property name="java.specification.version" value="24"/>
    <property name="sun.cpu.isalist" value="amd64"/>
    <property name="sun.jnu.encoding" value="Cp1252"/>
    <property name="java.class.path" value="C:\Users\krzyc\Documents\Personal finance\Java_app\target\test-classes;C:\Users\krzyc\Documents\Personal finance\Java_app\target\classes;C:\Users\krzyc\.m2\repository\jakarta\xml\bind\jakarta.xml.bind-api\4.0.0\jakarta.xml.bind-api-4.0.0.jar;C:\Users\krzyc\.m2\repository\org\glassfish\jaxb\jaxb-runtime\4.0.3\jaxb-runtime-4.0.3.jar;C:\Users\krzyc\.m2\repository\org\glassfish\jaxb\jaxb-core\4.0.3\jaxb-core-4.0.3.jar;C:\Users\krzyc\.m2\repository\org\eclipse\angus\angus-activation\2.0.1\angus-activation-2.0.1.jar;C:\Users\krzyc\.m2\repository\org\glassfish\jaxb\txw2\4.0.3\txw2-4.0.3.jar;C:\Users\krzyc\.m2\repository\com\sun\istack\istack-commons-runtime\4.1.2\istack-commons-runtime-4.1.2.jar;C:\Users\krzyc\.m2\repository\jakarta\activation\jakarta.activation-api\2.1.2\jakarta.activation-api-2.1.2.jar;C:\Users\krzyc\.m2\repository\javax\xml\bind\jaxb-api\2.3.1\jaxb-api-2.3.1.jar;C:\Users\krzyc\.m2\repository\javax\activation\javax.activation-api\1.2.0\javax.activation-api-1.2.0.jar;C:\Users\krzyc\.m2\repository\com\fasterxml\jackson\core\jackson-databind\2.16.0\jackson-databind-2.16.0.jar;C:\Users\krzyc\.m2\repository\com\fasterxml\jackson\core\jackson-annotations\2.16.0\jackson-annotations-2.16.0.jar;C:\Users\krzyc\.m2\repository\com\fasterxml\jackson\core\jackson-core\2.16.0\jackson-core-2.16.0.jar;C:\Users\krzyc\.m2\repository\org\junit\jupiter\junit-jupiter-api\5.11.0\junit-jupiter-api-5.11.0.jar;C:\Users\krzyc\.m2\repository\org\opentest4j\opentest4j\1.3.0\opentest4j-1.3.0.jar;C:\Users\krzyc\.m2\repository\org\junit\platform\junit-platform-commons\1.11.0\junit-platform-commons-1.11.0.jar;C:\Users\krzyc\.m2\repository\org\apiguardian\apiguardian-api\1.1.2\apiguardian-api-1.1.2.jar;C:\Users\krzyc\.m2\repository\org\junit\jupiter\junit-jupiter-params\5.11.0\junit-jupiter-params-5.11.0.jar;C:\Users\krzyc\.m2\repository\io\fixprotocol\orchestra\repository2016\1.3.0-RC4\repository2016-1.3.0-RC4.jar;C:\Users\krzyc\.m2\repository\net\sf\saxon\Saxon-HE\9.9.1-1\Saxon-HE-9.9.1-1.jar;C:\Users\krzyc\.m2\repository\org\jvnet\jaxb2_commons\jaxb2-basics-runtime\1.11.1\jaxb2-basics-runtime-1.11.1.jar;"/>
    <property name="java.vm.vendor" value="Oracle Corporation"/>
    <property name="sun.arch.data.model" value="64"/>
    <property name="user.variant" value=""/>
    <property name="java.vendor.url" value="https://java.oracle.com/"/>
    <property name="user.timezone" value="Europe/Berlin"/>
    <property name="os.name" value="Windows 11"/>
    <property name="java.vm.specification.version" value="24"/>
    <property name="sun.java.launcher" value="SUN_STANDARD"/>
    <property name="user.country" value="GB"/>
    <property name="sun.boot.library.path" value="C:\Program Files\Java\jdk-24\bin"/>
    <property name="sun.java.command" value="C:\Users\krzyc\AppData\Local\Temp\surefire14444627477262198876\surefirebooter-20250615145557247_3.jar C:\Users\krzyc\AppData\Local\Temp\surefire14444627477262198876 2025-06-15T14-55-57_032-jvmRun1 surefire-20250615145557247_1tmp surefire_0-20250615145557247_2tmp"/>
    <property name="jdk.debug" value="release"/>
    <property name="surefire.test.class.path" value="C:\Users\krzyc\Documents\Personal finance\Java_app\target\test-classes;C:\Users\krzyc\Documents\Personal finance\Java_app\target\classes;C:\Users\krzyc\.m2\repository\jakarta\xml\bind\jakarta.xml.bind-api\4.0.0\jakarta.xml.bind-api-4.0.0.jar;C:\Users\krzyc\.m2\repository\org\glassfish\jaxb\jaxb-runtime\4.0.3\jaxb-runtime-4.0.3.jar;C:\Users\krzyc\.m2\repository\org\glassfish\jaxb\jaxb-core\4.0.3\jaxb-core-4.0.3.jar;C:\Users\krzyc\.m2\repository\org\eclipse\angus\angus-activation\2.0.1\angus-activation-2.0.1.jar;C:\Users\krzyc\.m2\repository\org\glassfish\jaxb\txw2\4.0.3\txw2-4.0.3.jar;C:\Users\krzyc\.m2\repository\com\sun\istack\istack-commons-runtime\4.1.2\istack-commons-runtime-4.1.2.jar;C:\Users\krzyc\.m2\repository\jakarta\activation\jakarta.activation-api\2.1.2\jakarta.activation-api-2.1.2.jar;C:\Users\krzyc\.m2\repository\javax\xml\bind\jaxb-api\2.3.1\jaxb-api-2.3.1.jar;C:\Users\krzyc\.m2\repository\javax\activation\javax.activation-api\1.2.0\javax.activation-api-1.2.0.jar;C:\Users\krzyc\.m2\repository\com\fasterxml\jackson\core\jackson-databind\2.16.0\jackson-databind-2.16.0.jar;C:\Users\krzyc\.m2\repository\com\fasterxml\jackson\core\jackson-annotations\2.16.0\jackson-annotations-2.16.0.jar;C:\Users\krzyc\.m2\repository\com\fasterxml\jackson\core\jackson-core\2.16.0\jackson-core-2.16.0.jar;C:\Users\krzyc\.m2\repository\org\junit\jupiter\junit-jupiter-api\5.11.0\junit-jupiter-api-5.11.0.jar;C:\Users\krzyc\.m2\repository\org\opentest4j\opentest4j\1.3.0\opentest4j-1.3.0.jar;C:\Users\krzyc\.m2\repository\org\junit\platform\junit-platform-commons\1.11.0\junit-platform-commons-1.11.0.jar;C:\Users\krzyc\.m2\repository\org\apiguardian\apiguardian-api\1.1.2\apiguardian-api-1.1.2.jar;C:\Users\krzyc\.m2\repository\org\junit\jupiter\junit-jupiter-params\5.11.0\junit-jupiter-params-5.11.0.jar;C:\Users\krzyc\.m2\repository\io\fixprotocol\orchestra\repository2016\1.3.0-RC4\repository2016-1.3.0-RC4.jar;C:\Users\krzyc\.m2\repository\net\sf\saxon\Saxon-HE\9.9.1-1\Saxon-HE-9.9.1-1.jar;C:\Users\krzyc\.m2\repository\org\jvnet\jaxb2_commons\jaxb2-basics-runtime\1.11.1\jaxb2-basics-runtime-1.11.1.jar;"/>
    <property name="sun.cpu.endian" value="little"/>
    <property name="user.home" value="C:\Users\krzyc"/>
    <property name="user.language" value="en"/>
    <property name="java.specification.vendor" value="Oracle Corporation"/>
    <property name="java.version.date" value="2025-03-18"/>
    <property name="java.home" value="C:\Program Files\Java\jdk-24"/>
    <property name="file.separator" value="\"/>
    <property name="basedir" value="C:\Users\krzyc\Documents\Personal finance\Java_app"/>
    <property name="java.vm.compressedOopsMode" value="32-bit"/>
    <property name="line.separator" value="&#10;"/>
    <property name="java.vm.specification.vendor" value="Oracle Corporation"/>
    <property name="java.specification.name" value="Java Platform API Specification"/>
    <property name="surefire.real.class.path" value="C:\Users\krzyc\AppData\Local\Temp\surefire14444627477262198876\surefirebooter-20250615145557247_3.jar"/>
    <property name="user.script" value=""/>
    <property name="sun.management.compiler" value="HotSpot 64-Bit Tiered Compilers"/>
    <property name="java.runtime.version" value="24+36-3646"/>
    <property name="user.name" value="krzyc"/>
    <property name="stdout.encoding" value="Cp1252"/>
    <property name="path.separator" value=";"/>
    <property name="os.version" value="10.0"/>
    <property name="java.runtime.name" value="Java(TM) SE Runtime Environment"/>
    <property name="file.encoding" value="UTF-8"/>
    <property name="java.vm.name" value="Java HotSpot(TM) 64-Bit Server VM"/>
    <property name="localRepository" value="C:\Users\krzyc\.m2\repository"/>
    <property name="java.vendor.url.bug" value="https://bugreport.java.com/bugreport/"/>
    <property name="java.io.tmpdir" value="C:\Users\krzyc\AppData\Local\Temp\"/>
    <property name="java.version" value="24"/>
    <property name="user.dir" value="C:\Users\krzyc\Documents\Personal finance\Java_app"/>
    <property name="os.arch" value="amd64"/>
    <property name="java.vm.specification.name" value="Java Virtual Machine Specification"/>
    <property name="sun.os.patch.level" value=""/>
    <property name="native.encoding" value="Cp1252"/>
    <property name="java.library.path" value="C:\Program Files\Java\jdk-24\bin;C:\WINDOWS\Sun\Java\bin;C:\WINDOWS\system32;C:\WINDOWS;C:\Program Files (x86)\Common Files\Intel\Shared Files\cpp\bin\Intel64;C:\Program Files\Common Files\Oracle\Java\javapath;C:\Program Files\Python310\Scripts\;C:\Program Files\Python310\;C:\WINDOWS\system32;C:\WINDOWS;C:\WINDOWS\System32\Wbem;C:\WINDOWS\System32\WindowsPowerShell\v1.0\;C:\WINDOWS\System32\OpenSSH\;c:\Program Files (x86)\Acustica\Framework\;c:\Program Files\Acustica\Framework\;C:\Program Files\Wolfram Research\WolframScript\;C:\strawberry\c\bin;C:\strawberry\perl\site\bin;C:\strawberry\perl\bin;C:\Program Files\Git\cmd;C:\Users\krzyc\AppData\Roaming\Python\Python310\Scripts;C:\Users\krzyc\AppData\Local\Microsoft\WindowsApps;C:\Users\krzyc\AppData\Local\Programs\Microsoft VS Code\bin;C:\Users\krzyc\AppData\Local\Programs\MiKTeX\miktex\bin\x64\;C:\Users\krzyc\AppData\Local\Programs\julia-1.11.3\bin;C:\Users\krzyc\AppData\Local\Programs\Julia-1.10.3\bin;C:\Users\krzyc\AppData\Roaming\Python\Python310\Scripts;C:\Users\krzyc\AppData\Local\Microsoft\WindowsApps;C:\Program Files\Java\jdk-24\bin;C:\Program Files\Apache\Maven\apache-maven-3.9.9\bin;;c:\Users\krzyc\.vscode\extensions\ms-python.debugpy-2025.8.0-win32-x64\bundled\scripts\noConfigScripts;c:\Users\krzyc\AppData\Roaming\Code\User\globalStorage\github.copilot-chat\debugCommand;."/>
    <property name="java.vm.info" value="mixed mode, sharing"/>
    <property name="stderr.encoding" value="Cp1252"/>
    <property name="java.vendor" value="Oracle Corporation"/>
    <property name="java.vm.version" value="24+36-3646"/>
    <property name="sun.io.unicode.encoding" value="UnicodeLittle"/>
    <property name="java.class.version" value="68.0"/>
  </properties>
  <testcase name="testLogin" classname="com.krzysztofpk14.app.bossaapi.BossaApiIntegrationTest" time="0.44">
    <system-out><![CDATA[Serwer bossaAPI uruchomiony na porcie 24445
Nowe polaczenie od: /127.0.0.1
Rozpoczęto sesję: 6e8955c1-e6c9-402d-8811-b651046c2c4e
Odpowiedź: <FIXML v="5.0" r="20080317" s="20080314">
    <UserRsp UserReqID="5" UserStat="1" UserStatText="Zalogowano pomyślnie" MktDepth="0"/>
</FIXML>
]]></system-out>
  </testcase>
  <testcase name="testMarketDataSnapshot" classname="com.krzysztofpk14.app.bossaapi.BossaApiIntegrationTest" time="0.032">
    <system-out><![CDATA[Wysyłanie żądania danych rynkowych: TEST1000
Odpowiedź: <FIXML v="5.0" r="20080317" s="20080314">
    <MktDataSnap ReqID="TEST1000">
        <Instrmt Sym="KGHM"/>
        <MktDataGrp MDEntryTyp="0" MDEntryPx="148.68" MDEntrySize="100" MDEntryTime="20250615-14:56:00.065"/>
    </MktDataSnap>
</FIXML>
]]></system-out>
  </testcase>
  <testcase name="testMarketDataSubscription" classname="com.krzysztofpk14.app.bossaapi.BossaApiIntegrationTest" time="10.025">
    <failure message="Powinniśmy otrzymać aktualizacje danych rynkowych ==&gt; expected: &lt;true&gt; but was: &lt;false&gt;" type="org.opentest4j.AssertionFailedError"><![CDATA[org.opentest4j.AssertionFailedError: Powinniśmy otrzymać aktualizacje danych rynkowych ==> expected: <true> but was: <false>
	at org.junit.jupiter.api.AssertionFailureBuilder.build(AssertionFailureBuilder.java:151)
	at org.junit.jupiter.api.AssertionFailureBuilder.buildAndThrow(AssertionFailureBuilder.java:132)
	at org.junit.jupiter.api.AssertTrue.failNotTrue(AssertTrue.java:63)
	at org.junit.jupiter.api.AssertTrue.assertTrue(AssertTrue.java:36)
	at org.junit.jupiter.api.Assertions.assertTrue(Assertions.java:214)
	at com.krzysztofpk14.app.bossaapi.BossaApiIntegrationTest.testMarketDataSubscription(BossaApiIntegrationTest.java:173)
	at java.base/java.lang.reflect.Method.invoke(Method.java:565)
	at java.base/java.util.ArrayList.forEach(ArrayList.java:1604)
	at java.base/java.util.ArrayList.forEach(ArrayList.java:1604)
]]></failure>
    <system-out><![CDATA[Wysyłanie żądania danych rynkowych: TEST1001
Dodano subskrypcję danych rynkowych dla requestId: TEST1001
Odpowiedź: <FIXML v="5.0" r="20080317" s="20080314">
    <MktDataSnap ReqID="TEST1001">
        <RespType>1</RespType>
    </MktDataSnap>
</FIXML>
]]></system-out>
  </testcase>
  <testcase name="testSecurityListRequest" classname="com.krzysztofpk14.app.bossaapi.BossaApiIntegrationTest" time="0.014">
    <error type="jakarta.xml.bind.MarshalException"><![CDATA[jakarta.xml.bind.MarshalException
 - with linked exception:
[com.sun.istack.SAXException2: jakarta.xml.bind.JAXBException: class com.krzysztofpk14.app.bossaapi.model.request.SecurityListRequest nor any of its super class is known to this context.
jakarta.xml.bind.JAXBException: class com.krzysztofpk14.app.bossaapi.model.request.SecurityListRequest nor any of its super class is known to this context.]
	at org.glassfish.jaxb.runtime.v2.runtime.MarshallerImpl.write(MarshallerImpl.java:268)
	at org.glassfish.jaxb.runtime.v2.runtime.MarshallerImpl.marshal(MarshallerImpl.java:197)
	at jakarta.xml.bind.helpers.AbstractMarshallerImpl.marshal(AbstractMarshallerImpl.java:109)
	at com.krzysztofpk14.app.bossaapi.util.FixmlGenerator.generateXml(FixmlGenerator.java:48)
	at com.krzysztofpk14.app.bossaapi.util.FixmlGenerator.generateXml(FixmlGenerator.java:71)
	at com.krzysztofpk14.app.bossaapi.client.BossaApiClient.requestSecurityList(BossaApiClient.java:230)
	at com.krzysztofpk14.app.bossaapi.BossaApiIntegrationTest.testSecurityListRequest(BossaApiIntegrationTest.java:190)
	at java.base/java.lang.reflect.Method.invoke(Method.java:565)
	at java.base/java.util.ArrayList.forEach(ArrayList.java:1604)
	at java.base/java.util.ArrayList.forEach(ArrayList.java:1604)
Caused by: com.sun.istack.SAXException2: jakarta.xml.bind.JAXBException: class com.krzysztofpk14.app.bossaapi.model.request.SecurityListRequest nor any of its super class is known to this context.
jakarta.xml.bind.JAXBException: class com.krzysztofpk14.app.bossaapi.model.request.SecurityListRequest nor any of its super class is known to this context.
	at org.glassfish.jaxb.runtime.v2.runtime.XMLSerializer.reportError(XMLSerializer.java:211)
	at org.glassfish.jaxb.runtime.v2.runtime.XMLSerializer.reportError(XMLSerializer.java:226)
	at org.glassfish.jaxb.runtime.v2.runtime.XMLSerializer.childAsXsiType(XMLSerializer.java:616)
	at org.glassfish.jaxb.runtime.v2.runtime.property.SingleElementNodeProperty.serializeBody(SingleElementNodeProperty.java:125)
	at org.glassfish.jaxb.runtime.v2.runtime.ClassBeanInfoImpl.serializeBody(ClassBeanInfoImpl.java:334)
	at org.glassfish.jaxb.runtime.v2.runtime.XMLSerializer.childAsSoleContent(XMLSerializer.java:556)
	at org.glassfish.jaxb.runtime.v2.runtime.ClassBeanInfoImpl.serializeRoot(ClassBeanInfoImpl.java:314)
	at org.glassfish.jaxb.runtime.v2.runtime.XMLSerializer.childAsRoot(XMLSerializer.java:456)
	at org.glassfish.jaxb.runtime.v2.runtime.MarshallerImpl.write(MarshallerImpl.java:265)
	... 9 more
Caused by: jakarta.xml.bind.JAXBException: class com.krzysztofpk14.app.bossaapi.model.request.SecurityListRequest nor any of its super class is known to this context.
	at org.glassfish.jaxb.runtime.v2.runtime.JAXBContextImpl.getBeanInfo(JAXBContextImpl.java:543)
	at org.glassfish.jaxb.runtime.v2.runtime.XMLSerializer.childAsXsiType(XMLSerializer.java:611)
	... 15 more
]]></error>
    <system-out><![CDATA[Wysyłanie żądania danych rynkowych: TEST1002
]]></system-out>
  </testcase>
  <testcase name="testOrderExecution" classname="com.krzysztofpk14.app.bossaapi.BossaApiIntegrationTest" time="5.007">
    <error type="java.util.concurrent.TimeoutException"><![CDATA[java.util.concurrent.TimeoutException
	at java.base/java.util.concurrent.CompletableFuture.timedGet(CompletableFuture.java:2006)
	at java.base/java.util.concurrent.CompletableFuture.get(CompletableFuture.java:2141)
	at com.krzysztofpk14.app.bossaapi.BossaApiIntegrationTest.testOrderExecution(BossaApiIntegrationTest.java:230)
	at java.base/java.lang.reflect.Method.invoke(Method.java:565)
	at java.base/java.util.ArrayList.forEach(ArrayList.java:1604)
	at java.base/java.util.ArrayList.forEach(ArrayList.java:1604)
]]></error>
    <system-out><![CDATA[Wysyłanie wiadomości: <FIXML v="5.0" r="20080317" s="20080314">
    <Order ClOrdID="TEST1003" Side="1" TmInForce="0" OrdTyp="2" Px="150.00" TransactTm="2025-06-15T14:56:10.127">
        <Instrmt Sym="KGHM" ID="PLKGHM000017" IDSrc="4"/>
        <OrdQty Qty="10"/>
    </Order>
</FIXML>
]]></system-out>
    <system-err><![CDATA[Otrzymano nieprawidłową długość wiadomości: 104613449
Otrzymano nieprawidłową długość wiadomości: 1481460768
Otrzymano nieprawidłową długość wiadomości: 1983717941
Otrzymano nieprawidłową długość wiadomości: 774906400
Otrzymano nieprawidłową długość wiadomości: 1916609074
Otrzymano nieprawidłową długość wiadomości: 808466480
Otrzymano nieprawidłową długość wiadomości: 858863394
Otrzymano nieprawidłową długość wiadomości: 544423202
Otrzymano nieprawidłową długość wiadomości: 842018872
Otrzymano nieprawidłową długość wiadomości: 808661300
Otrzymano nieprawidłową długość wiadomości: 574491168
Otrzymano nieprawidłową długość wiadomości: 538976316
Otrzymano nieprawidłową długość wiadomości: 1332896869
Otrzymano nieprawidłową długość wiadomości: 1914717036
Otrzymano nieprawidłową długość wiadomości: 1332896841
Otrzymano nieprawidłową długość wiadomości: 1144857172
Otrzymano nieprawidłową długość wiadomości: 1163088945
Otrzymano nieprawidłową długość wiadomości: 808465186
Otrzymano nieprawidłową długość wiadomości: 542337380
Otrzymano nieprawidłową długość wiadomości: 1698505265
Otrzymano nieprawidłową długość wiadomości: 572544109
Otrzymano nieprawidłową długość wiadomości: 1231963759
Otrzymano nieprawidłową długość wiadomości: 1919116605
Otrzymano nieprawidłową długość wiadomości: 573579808
Otrzymano nieprawidłową długość wiadomości: 1332896852
Otrzymano nieprawidłową długość wiadomości: 2037398818
Otrzymano nieprawidłową długość wiadomości: 841097296
Otrzymano nieprawidłową długość wiadomości: 2017272369
Otrzymano nieprawidłową długość wiadomości: 892350000
Otrzymano nieprawidłową długość wiadomości: 807542868
Otrzymano nieprawidłową długość wiadomości: 1918987891
Otrzymano nieprawidłową długość wiadomości: 1633907796
Otrzymano nieprawidłową długość wiadomości: 1832722994
Otrzymano nieprawidłową długość wiadomości: 808596781
Otrzymano nieprawidłową długość wiadomości: 808856881
Otrzymano nieprawidłową długość wiadomości: 894710068
Otrzymano nieprawidłową długość wiadomości: 976565818
Otrzymano nieprawidłową długość wiadomości: 825241137
Otrzymano nieprawidłową długość wiadomości: 842474046
Otrzymano nieprawidłową długość wiadomości: 169877536
Otrzymano nieprawidłową długość wiadomości: 538976288
Otrzymano nieprawidłową długość wiadomości: 540821870
Otrzymano nieprawidłową długość wiadomości: 1937011309
Otrzymano nieprawidłową długość wiadomości: 1948275577
Otrzymano nieprawidłową długość wiadomości: 1832723019
Otrzymano nieprawidłową długość wiadomości: 1195920674
Otrzymano nieprawidłową długość wiadomości: 541672509
Otrzymano nieprawidłową długość wiadomości: 575687755
Otrzymano nieprawidłową długość wiadomości: 1195920688
Otrzymano nieprawidłową długość wiadomości: 808464433
Otrzymano nieprawidłową długość wiadomości: 924983369
Otrzymano nieprawidłową długość wiadomości: 1146319459
Otrzymano nieprawidłową długość wiadomości: 1025651746
Otrzymano nieprawidłową długość wiadomości: 792594976
Otrzymano nieprawidłową długość wiadomości: 538976288
Otrzymano nieprawidłową długość wiadomości: 538976316
Otrzymano nieprawidłową długość wiadomości: 1332896849
Otrzymano nieprawidłową długość wiadomości: 1954095185
Otrzymano nieprawidłową długość wiadomości: 1954102562
Otrzymano nieprawidłową długość wiadomości: 825238063
Otrzymano nieprawidłową długość wiadomości: 1040850976
Otrzymano nieprawidłową długość wiadomości: 538983471
Otrzymano nieprawidłową długość wiadomości: 1332896869
Otrzymano nieprawidłową długość wiadomości: 1916668476
Otrzymano nieprawidłową długość wiadomości: 793135448
]]></system-err>
  </testcase>
  <testcase name="testLogout" classname="com.krzysztofpk14.app.bossaapi.BossaApiIntegrationTest" time="5.004">
    <error type="java.util.concurrent.TimeoutException"><![CDATA[java.util.concurrent.TimeoutException
	at java.base/java.util.concurrent.CompletableFuture.timedGet(CompletableFuture.java:2006)
	at java.base/java.util.concurrent.CompletableFuture.get(CompletableFuture.java:2141)
	at com.krzysztofpk14.app.bossaapi.BossaApiIntegrationTest.testLogout(BossaApiIntegrationTest.java:253)
	at java.base/java.lang.reflect.Method.invoke(Method.java:565)
	at java.base/java.util.ArrayList.forEach(ArrayList.java:1604)
	at java.base/java.util.ArrayList.forEach(ArrayList.java:1604)
]]></error>
    <system-out><![CDATA[Wysyłanie wiadomości: <FIXML v="5.0" r="20080317" s="20080314">
    <UserReq UserReqID="5" UserReqTyp="2"/>
</FIXML>
]]></system-out>
    <system-err><![CDATA[Otrzymano nieprawidłową długość wiadomości: 1296842334
Otrzymano nieprawidłową długość wiadomości: 1011239256
Otrzymano nieprawidłową długość wiadomości: 1296834678
Otrzymano nieprawidłową długość wiadomości: 1025652014
Otrzymano nieprawidłową długość wiadomości: 807542898
Otrzymano nieprawidłową długość wiadomości: 1025651248
Otrzymano nieprawidłową długość wiadomości: 808988723
Otrzymano nieprawidłową długość wiadomości: 825696800
Otrzymano nieprawidłową długość wiadomości: 1933386290
Otrzymano nieprawidłową długość wiadomości: 808466480
Otrzymano nieprawidłową długość wiadomości: 858862626
Otrzymano nieprawidłową długość wiadomości: 1040850976
Otrzymano nieprawidłową długość wiadomości: 538983509
Otrzymano nieprawidłową długość wiadomości: 1936028242
Otrzymano nieprawidłową długość wiadomości: 1701912661
Otrzymano nieprawidłową długość wiadomości: 1936028242
Otrzymano nieprawidłową długość wiadomości: 1701923140
Otrzymano nieprawidłową długość wiadomości: 1025652002
Otrzymano nieprawidłową długość wiadomości: 542471013
Otrzymano nieprawidłową długość wiadomości: 1918002545
Otrzymano nieprawidłową długość wiadomości: 1417244733
Otrzymano nieprawidłową długość wiadomości: 573710895
Otrzymano nieprawidłową długość wiadomości: 1040858159
Otrzymano nieprawidłową długość wiadomości: 1179211853
]]></system-err>
  </testcase>
</testsuite>